<?xml version="1.0" encoding="UTF-8"?>
<!-- Generated by org.testng.reporters.JUnitReportReporter -->
<testsuite hostname="USCWVIQADW0025" name="spi.testcases.NewTest02" tests="1" failures="0" timestamp="17 Jul 2015 15:16:03 GMT" time="13.904" errors="0">
  <testcase name="run01" time="13.904" classname="spi.testcases.NewTest02"/>
</testsuite> <!-- spi.testcases.NewTest02 -->
