<?xml version="1.0" encoding="UTF-8"?>
<!-- Generated by org.testng.reporters.JUnitReportReporter -->
<testsuite hostname="USCWVIQADW0025" name="spi.prod.testcases.VerifyMenuLinks_01" tests="1" failures="0" timestamp="24 Aug 2015 16:12:17 GMT" time="7.081" errors="0">
  <testcase name="run01" time="7.081" classname="spi.prod.testcases.VerifyMenuLinks_01"/>
</testsuite> <!-- spi.prod.testcases.VerifyMenuLinks_01 -->
