<?xml version="1.0" encoding="UTF-8"?>
<!-- Generated by org.testng.reporters.JUnitReportReporter -->
<testsuite hostname="USCWVIQADW0025" name="spi.qa.testcases.SanityTotalData_02" tests="1" failures="0" timestamp="31 Jul 2015 14:15:00 GMT" time="9.395" errors="0">
  <testcase name="run" time="9.395" classname="spi.qa.testcases.SanityTotalData_02"/>
</testsuite> <!-- spi.qa.testcases.SanityTotalData_02 -->
