<?xml version="1.0" encoding="UTF-8"?>
<!-- Generated by org.testng.reporters.JUnitReportReporter -->
<testsuite hostname="USCWVIQADW0025" name="spi.qa.testcases.NewTest" tests="1" failures="0" timestamp="24 Jul 2015 15:21:29 GMT" time="6.967" errors="0">
  <testcase name="run" time="6.967" classname="spi.qa.testcases.NewTest"/>
</testsuite> <!-- spi.qa.testcases.NewTest -->
