<?xml version="1.0" encoding="UTF-8"?>
<!-- Generated by org.testng.reporters.JUnitReportReporter -->
<testsuite hostname="USCWVIQADW0025" name="spi.qa.testcases.VerifyMenuLinks_01" tests="1" failures="0" timestamp="29 Jul 2015 14:42:23 GMT" time="17.966" errors="0">
  <testcase name="run01" time="17.966" classname="spi.qa.testcases.VerifyMenuLinks_01"/>
</testsuite> <!-- spi.qa.testcases.VerifyMenuLinks_01 -->
