<?xml version="1.0" encoding="UTF-8"?>
<!-- Generated by org.testng.reporters.JUnitReportReporter -->
<testsuite hostname="USCWVIQADW0025" name="spi.qa.testcases.Test_Elements" tests="1" failures="0" timestamp="24 Jul 2015 17:26:03 GMT" time="4.838" errors="0">
  <testcase name="run" time="4.838" classname="spi.qa.testcases.Test_Elements"/>
</testsuite> <!-- spi.qa.testcases.Test_Elements -->
