<?xml version="1.0" encoding="UTF-8"?>
<!-- Generated by org.testng.reporters.JUnitReportReporter -->
<testsuite hostname="USCWVIQADW0025" name="spi.testcases.NewTest" tests="1" failures="0" timestamp="16 Jul 2015 17:31:43 GMT" time="4.244" errors="0">
  <testcase name="run" time="4.244" classname="spi.testcases.NewTest"/>
</testsuite> <!-- spi.testcases.NewTest -->
